{
  "0 debug pnpm:scope": {
    "selected": 1
  },
  "1 error pnpm": {
    "code": "ELIFECYCLE",
    "errno": "ENOENT",
    "syscall": "spawn",
    "file": "sh",
    "pkgid": "instagram-clone@0.0.0",
    "stage": "dev",
    "script": "vite",
    "pkgname": "instagram-clone",
    "err": {
      "name": "Error",
      "message": "instagram-clone@0.0.0 dev: `vite`\nspawn ENOENT",
      "code": "ELIFECYCLE",
      "stack": "Error: instagram-clone@0.0.0 dev: `vite`\nspawn ENOENT\n    at ChildProcess.<anonymous> (/home/julian/.nvm/versions/node/v14.15.5/pnpm-global/5/node_modules/.pnpm/pnpm@6.14.3/node_modules/pnpm/dist/pnpm.cjs:92546:22)\n    at ChildProcess.emit (events.js:315:20)\n    at maybeClose (internal/child_process.js:1048:16)\n    at Process.ChildProcess._handle.onexit (internal/child_process.js:288:5)"
    }
  },
  "2 warn pnpm:global": " Local package.json exists, but node_modules missing, did you mean to install?"
}